<?xml version="1.0" encoding="UTF-8"?>
<testng-results ignored="0" total="1" passed="1" failed="0" skipped="0">
  <reporter-output>
  </reporter-output>
  <suite started-at="2023-06-15T09:32:24 CEST" name="All Test Suite" finished-at="2023-06-15T09:32:32 CEST" duration-ms="7579">
    <groups>
    </groups>
    <test started-at="2023-06-15T09:32:24 CEST" name="/Users/osmanbozdag/IdeaProjects/DataDrivenProject" finished-at="2023-06-15T09:32:32 CEST" duration-ms="7579">
      <class name="testcases.LoginTest">
        <test-method is-config="true" signature="setUp()[pri:0, instance:testcases.LoginTest@5e82df6a]" started-at="2023-06-15T09:32:11 CEST" name="setUp" finished-at="2023-06-15T09:32:24 CEST" duration-ms="12451" status="PASS">
          <reporter-output>
          </reporter-output>
        </test-method> <!-- setUp -->
        <test-method signature="loginButton()[pri:0, instance:testcases.LoginTest@5e82df6a]" started-at="2023-06-15T09:32:24 CEST" name="loginButton" finished-at="2023-06-15T09:32:32 CEST" duration-ms="7521" status="PASS">
          <reporter-output>
          </reporter-output>
        </test-method> <!-- loginButton -->
        <test-method is-config="true" signature="tearDown()[pri:0, instance:testcases.LoginTest@5e82df6a]" started-at="2023-06-15T09:32:32 CEST" name="tearDown" finished-at="2023-06-15T09:32:32 CEST" duration-ms="183" status="PASS">
          <reporter-output>
          </reporter-output>
        </test-method> <!-- tearDown -->
      </class> <!-- testcases.LoginTest -->
    </test> <!-- /Users/osmanbozdag/IdeaProjects/DataDrivenProject -->
  </suite> <!-- All Test Suite -->
</testng-results>
